#
# There is insufficient memory for the Java Runtime Environment to continue.
# Native memory allocation (mmap) failed to map 134217728 bytes for G1 virtual space
# Possible reasons:
#   The system is out of physical RAM or swap space
#   The process is running with CompressedOops enabled, and the Java Heap may be blocking the growth of the native heap
# Possible solutions:
#   Reduce memory load on the system
#   Increase physical memory or swap space
#   Check if swap backing store is full
#   Decrease Java heap size (-Xmx/-Xms)
#   Decrease number of Java threads
#   Decrease Java thread stack sizes (-Xss)
#   Set larger code cache with -XX:ReservedCodeCacheSize=
#   JVM is running with Unscaled Compressed Oops mode in which the Java heap is
#     placed in the first 4GB address space. The Java Heap base address is the
#     maximum limit for the native heap growth. Please use -XX:HeapBaseMinAddress
#     to set the Java Heap base and to place the Java Heap above 4GB virtual address.
# This output file may be truncated or incomplete.
#
#  Out of Memory Error (os_windows.cpp:3469), pid=10628, tid=15784
#
# JRE version:  (17.0.1+12) (build )
# Java VM: Java HotSpot(TM) 64-Bit Server VM (17.0.1+12-LTS-39, mixed mode, sharing, tiered, compressed oops, compressed class ptrs, g1 gc, windows-amd64)
# No core dump will be written. Minidumps are not enabled by default on client versions of Windows
#

---------------  S U M M A R Y ------------

Command Line: -Dfile.encoding=UTF-8 --module-path=C:\Users\Zeeshan\Documents\NetBeansProjects\Library_Management_Systemm\build\classes BookIssue

Host: Intel(R) Core(TM) i7-4600U CPU @ 2.10GHz, 4 cores, 7G,  Windows 10 , 64 bit Build 19041 (10.0.19041.2251)
Time: Sun Nov 20 22:31:40 2022 Pakistan Standard Time elapsed time: 0.053531 seconds (0d 0h 0m 0s)

---------------  T H R E A D  ---------------

Current thread (0x0000024b61b62d70):  JavaThread "Unknown thread" [_thread_in_vm, id=15784, stack(0x000000f9d8700000,0x000000f9d8800000)]

Stack: [0x000000f9d8700000,0x000000f9d8800000]
Native frames: (J=compiled Java code, j=interpreted, Vv=VM code, C=native code)
V  [jvm.dll+0x66fa1a]
V  [jvm.dll+0x7ce5a4]
V  [jvm.dll+0x7cfd4e]
V  [jvm.dll+0x7d03b3]
V  [jvm.dll+0x242b05]
V  [jvm.dll+0x66ca39]
V  [jvm.dll+0x661502]
V  [jvm.dll+0x30081b]
V  [jvm.dll+0x307da6]
V  [jvm.dll+0x357a1e]
V  [jvm.dll+0x357c4f]
V  [jvm.dll+0x2d7ad8]
V  [jvm.dll+0x2d8a44]
V  [jvm.dll+0x7a01e1]
V  [jvm.dll+0x365791]
V  [jvm.dll+0x77f6cc]
V  [jvm.dll+0x3e812f]
V  [jvm.dll+0x3e9bd1]
C  [jli.dll+0x527b]
C  [ucrtbase.dll+0x21bb2]
C  [KERNEL32.DLL+0x174b4]
C  [ntdll.dll+0x526a1]


---------------  P R O C E S S  ---------------

Threads class SMR info:
_java_thread_list=0x00007ffdc7fd7818, length=0, elements={
}

Java Threads: ( => current thread )

Other Threads:
  0x0000024b61ba0a00 GCTaskThread "GC Thread#0" [stack: 0x000000f9d8800000,0x000000f9d8900000] [id=20404]
  0x0000024b61bb34b0 ConcurrentGCThread "G1 Main Marker" [stack: 0x000000f9d8900000,0x000000f9d8a00000] [id=20268]
  0x0000024b61bb3dd0 ConcurrentGCThread "G1 Conc#0" [stack: 0x000000f9d8a00000,0x000000f9d8b00000] [id=20888]

[error occurred during error reporting (printing all threads), id 0xc0000005, EXCEPTION_ACCESS_VIOLATION (0xc0000005) at pc=0x00007ffdc78284b7]

VM state: not at safepoint (not fully initialized)

VM Mutex/Monitor currently owned by a thread:  ([mutex/lock_event])
[0x0000024b61b5e9d0] Heap_lock - owner thread: 0x0000024b61b62d70

Heap address: 0x0000000081e00000, size: 2018 MB, Compressed Oops mode: 32-bit

CDS archive(s) mapped at: [0x0000000000000000-0x0000000000000000-0x0000000000000000), size 0, SharedBaseAddress: 0x0000000800000000, ArchiveRelocationMode: 0.
Narrow klass base: 0x0000000000000000, Narrow klass shift: 0, Narrow klass range: 0x0

GC Precious Log:
<Empty>

Heap:
 garbage-first heap   total 0K, used 0K [0x0000000081e00000, 0x0000000100000000)
  region size 1024K, 0 young (0K), 0 survivors (0K)

[error occurred during error reporting (printing heap information), id 0xc0000005, EXCEPTION_ACCESS_VIOLATION (0xc0000005) at pc=0x00007ffdc7c08d89]

GC Heap History (0 events):
No events

Deoptimization events (0 events):
No events

Classes unloaded (0 events):
No events

Classes redefined (0 events):
No events

Internal exceptions (0 events):
No events

VM Operations (0 events):
No events

Events (1 events):
Event: 0.010 Loaded shared library C:\Program Files\Java\jdk-17.0.1\bin\java.dll


Dynamic libraries:
0x00007ff712c10000 - 0x00007ff712c20000 	C:\Program Files\Java\jdk-17.0.1\bin\java.exe
0x00007ffe10a10000 - 0x00007ffe10c08000 	C:\Windows\SYSTEM32\ntdll.dll
0x00007ffe0f2d0000 - 0x00007ffe0f38f000 	C:\Windows\System32\KERNEL32.DLL
0x00007ffe0e490000 - 0x00007ffe0e762000 	C:\Windows\System32\KERNELBASE.dll
0x00007ffe0e830000 - 0x00007ffe0e930000 	C:\Windows\System32\ucrtbase.dll
0x00007ffdec500000 - 0x00007ffdec518000 	C:\Program Files\Java\jdk-17.0.1\bin\jli.dll
0x00007ffe101b0000 - 0x00007ffe1025e000 	C:\Windows\System32\ADVAPI32.dll
0x00007ffe0fd90000 - 0x00007ffe0fe2e000 	C:\Windows\System32\msvcrt.dll
0x00007ffe0ea60000 - 0x00007ffe0eafc000 	C:\Windows\System32\sechost.dll
0x00007ffe0ebc0000 - 0x00007ffe0ece5000 	C:\Windows\System32\RPCRT4.dll
0x00007ffe0ff30000 - 0x00007ffe100cd000 	C:\Windows\System32\USER32.dll
0x00007ffe0e1f0000 - 0x00007ffe0e212000 	C:\Windows\System32\win32u.dll
0x00007ffe0f2a0000 - 0x00007ffe0f2cb000 	C:\Windows\System32\GDI32.dll
0x00007ffe0e220000 - 0x00007ffe0e32f000 	C:\Windows\System32\gdi32full.dll
0x00007ffe0e930000 - 0x00007ffe0e9cd000 	C:\Windows\System32\msvcp_win.dll
0x00007ffdf5710000 - 0x00007ffdf572a000 	C:\Program Files\Java\jdk-17.0.1\bin\VCRUNTIME140.dll
0x00007ffdfbeb0000 - 0x00007ffdfc14a000 	C:\Windows\WinSxS\amd64_microsoft.windows.common-controls_6595b64144ccf1df_6.0.19041.1110_none_60b5254171f9507e\COMCTL32.dll
0x00007ffe00d80000 - 0x00007ffe00d8a000 	C:\Windows\SYSTEM32\VERSION.dll
0x00007ffe0fe30000 - 0x00007ffe0fe62000 	C:\Windows\System32\IMM32.DLL
0x00007ffdf5700000 - 0x00007ffdf570c000 	C:\Program Files\Java\jdk-17.0.1\bin\vcruntime140_1.dll
0x00007ffdd2820000 - 0x00007ffdd28ad000 	C:\Program Files\Java\jdk-17.0.1\bin\msvcp140.dll
0x00007ffdc7540000 - 0x00007ffdc80fe000 	C:\Program Files\Java\jdk-17.0.1\bin\server\jvm.dll
0x00007ffe0fe70000 - 0x00007ffe0fe78000 	C:\Windows\System32\PSAPI.DLL
0x00007ffdf56f0000 - 0x00007ffdf56f9000 	C:\Windows\SYSTEM32\WSOCK32.dll
0x00007ffe0fae0000 - 0x00007ffe0fb4b000 	C:\Windows\System32\WS2_32.dll
0x00007ffdfc320000 - 0x00007ffdfc347000 	C:\Windows\SYSTEM32\WINMM.dll
0x00007ffe0c960000 - 0x00007ffe0c972000 	C:\Windows\SYSTEM32\kernel.appcore.dll
0x00007ffdf5670000 - 0x00007ffdf567a000 	C:\Program Files\Java\jdk-17.0.1\bin\jimage.dll
0x00007ffdfcc00000 - 0x00007ffdfcde4000 	C:\Windows\SYSTEM32\DBGHELP.DLL
0x00007ffdfcbd0000 - 0x00007ffdfcbfc000 	C:\Windows\SYSTEM32\dbgcore.DLL
0x00007ffe0e9d0000 - 0x00007ffe0ea52000 	C:\Windows\System32\bcryptPrimitives.dll
0x00007ffdf5680000 - 0x00007ffdf56a5000 	C:\Program Files\Java\jdk-17.0.1\bin\java.dll

dbghelp: loaded successfully - version: 4.0.5 - missing functions: none
symbol engine: initialized successfully - sym options: 0x614 - pdb path: .;C:\Program Files\Java\jdk-17.0.1\bin;C:\Windows\SYSTEM32;C:\Windows\WinSxS\amd64_microsoft.windows.common-controls_6595b64144ccf1df_6.0.19041.1110_none_60b5254171f9507e;C:\Program Files\Java\jdk-17.0.1\bin\server

VM Arguments:
jvm_args: -Dfile.encoding=UTF-8 --module-path=C:\Users\Zeeshan\Documents\NetBeansProjects\Library_Management_Systemm\build\classes 
java_command: BookIssue
java_class_path (initial): C:\Users\Zeeshan\Documents\NetBeansProjects\Library_Management_Systemm\lib\absolutelayout\AbsoluteLayout.jar;C:\Users\Zeeshan\Documents\NetBeansProjects\Library_Management_Systemm\lib\mysql-connector-java-8.0.27.jar;C:\Users\Zeeshan\Documents\NetBeansProjects\Library_Management_Systemm\lib\rs2xml.jar;C:\Users\Zeeshan\Downloads\jcal\lib\jcalendar-1.4.jar;C:\Users\Zeeshan\Documents\NetBeansProjects\Library_Management_Systemm\build\classes
Launcher Type: SUN_STANDARD

[Global flags]
     intx CICompilerCount                          = 3                                         {product} {ergonomic}
     uint ConcGCThreads                            = 1                                         {product} {ergonomic}
     uint G1ConcRefinementThreads                  = 4                                         {product} {ergonomic}
   size_t G1HeapRegionSize                         = 1048576                                   {product} {ergonomic}
    uintx GCDrainStackTargetSize                   = 64                                        {product} {ergonomic}
   size_t InitialHeapSize                          = 134217728                                 {product} {ergonomic}
   size_t MarkStackSize                            = 4194304                                   {product} {ergonomic}
   size_t MaxHeapSize                              = 2116026368                                {product} {ergonomic}
   size_t MinHeapDeltaBytes                        = 1048576                                   {product} {ergonomic}
   size_t MinHeapSize                              = 8388608                                   {product} {ergonomic}
    uintx NonNMethodCodeHeapSize                   = 5832780                                {pd product} {ergonomic}
    uintx NonProfiledCodeHeapSize                  = 122912730                              {pd product} {ergonomic}
    uintx ProfiledCodeHeapSize                     = 122912730                              {pd product} {ergonomic}
    uintx ReservedCodeCacheSize                    = 251658240                              {pd product} {ergonomic}
     bool SegmentedCodeCache                       = true                                      {product} {ergonomic}
   size_t SoftMaxHeapSize                          = 2116026368                             {manageable} {ergonomic}
     bool UseCompressedClassPointers               = true                           {product lp64_product} {ergonomic}
     bool UseCompressedOops                        = true                           {product lp64_product} {ergonomic}
     bool UseG1GC                                  = true                                      {product} {ergonomic}
     bool UseLargePagesIndividualAllocation        = false                                  {pd product} {ergonomic}

Logging:
Log output configuration:
 #0: stdout all=warning uptime,level,tags
 #1: stderr all=off uptime,level,tags

Environment Variables:
JAVA_HOME=C:\Program Files\Java\jdk-17.0.1\bin
PATH=C:\Program Files (x86)\VMware\VMware Player\bin\;C:\Program Files\Common Files\Oracle\Java\javapath;"C:\Program Files\MySQL\MySQL Server 8.0\bin;C:\Program Files\Common Files\Oracle\Java\javapath";C:\Windows\system32;C:\Windows;C:\Windows\System32\Wbem;C:\Windows\System32\WindowsPowerShell\v1.0\;C:\Windows\System32\OpenSSH\;C:\Program Files\Java\jdk-16.0.2\bin;C:\Program Files\MySQL\MySQL Server 8.0\bin;C:\Program Files\nodejs\;C:\Program Files\Git\cmd;C:\Users\Zeeshan\AppData\Local\Programs\Python\Python310\Scripts\;C:\Users\Zeeshan\AppData\Local\Programs\Python\Python310\;C:\Users\Zeeshan\AppData\Local\Microsoft\WindowsApps;"C:\Program Files\MySQL\MySQL Server 8.0\bin;C:\Users\Zeeshan\AppData\Local\Programs\Microsoft VS Code\bin";C:\Program Files\JetBrains\IntelliJ IDEA Community Edition 2021.1.3\bin;;C:\Program Files\MySQL\MySQL Server 8.0\bin;C:\Program Files\MySQL\MySQL Server 8.0\bin;;C:\Users\Zeeshan\AppData\Local\Programs\Microsoft VS Code\bin;C:\Users\Zeeshan\AppData\Roaming\npm;C:\Program Files\JetBrains\PyCharm Community Edition 2022.1.2\bin;;C:\Program Files\JetBrains\PyCharm 2022.1.2\bin;
USERNAME=Zeeshan
OS=Windows_NT
PROCESSOR_IDENTIFIER=Intel64 Family 6 Model 69 Stepping 1, GenuineIntel



---------------  S Y S T E M  ---------------

OS:
 Windows 10 , 64 bit Build 19041 (10.0.19041.2251)
OS uptime: 2 days 10:55 hours

CPU: total 4 (initial active 4) (2 cores per cpu, 2 threads per core) family 6 model 69 stepping 1 microcode 0x25, cx8, cmov, fxsr, ht, mmx, sse, sse2, sse3, ssse3, sse4.1, sse4.2, popcnt, lzcnt, tsc, tscinvbit, avx, avx2, aes, erms, clmul, bmi1, bmi2, fma, vzeroupper, clflush

Memory: 4k page, system-wide physical 8071M (1347M free)
TotalPageFile size 18692M (AvailPageFile size 66M)
current process WorkingSet (physical memory assigned to process): 10M, peak: 10M
current process commit charge ("private bytes"): 51M, peak: 179M

vm_info: Java HotSpot(TM) 64-Bit Server VM (17.0.1+12-LTS-39) for windows-amd64 JRE (17.0.1+12-LTS-39), built on Sep 27 2021 18:41:35 by "mach5one" with MS VC++ 16.8 (VS2019)

END.
