#
# There is insufficient memory for the Java Runtime Environment to continue.
# Native memory allocation (malloc) failed to allocate 334016 bytes for Chunk::new
# Possible reasons:
#   The system is out of physical RAM or swap space
#   The process is running with CompressedOops enabled, and the Java Heap may be blocking the growth of the native heap
# Possible solutions:
#   Reduce memory load on the system
#   Increase physical memory or swap space
#   Check if swap backing store is full
#   Decrease Java heap size (-Xmx/-Xms)
#   Decrease number of Java threads
#   Decrease Java thread stack sizes (-Xss)
#   Set larger code cache with -XX:ReservedCodeCacheSize=
#   JVM is running with Unscaled Compressed Oops mode in which the Java heap is
#     placed in the first 4GB address space. The Java Heap base address is the
#     maximum limit for the native heap growth. Please use -XX:HeapBaseMinAddress
#     to set the Java Heap base and to place the Java Heap above 4GB virtual address.
# This output file may be truncated or incomplete.
#
#  Out of Memory Error (arena.cpp:189), pid=20588, tid=21728
#
# JRE version: Java(TM) SE Runtime Environment (17.0.1+12) (build 17.0.1+12-LTS-39)
# Java VM: Java HotSpot(TM) 64-Bit Server VM (17.0.1+12-LTS-39, mixed mode, sharing, tiered, compressed oops, compressed class ptrs, g1 gc, windows-amd64)
# No core dump will be written. Minidumps are not enabled by default on client versions of Windows
#

---------------  S U M M A R Y ------------

Command Line: -Dfile.encoding=UTF-8 --module-path=C:\Users\Zeeshan\Documents\NetBeansProjects\Library_Management_Systemm\build\classes BookIssue

Host: Intel(R) Core(TM) i7-4600U CPU @ 2.10GHz, 4 cores, 7G,  Windows 10 , 64 bit Build 19041 (10.0.19041.2251)
Time: Sun Nov 20 22:32:21 2022 Pakistan Standard Time elapsed time: 0.773979 seconds (0d 0h 0m 0s)

---------------  T H R E A D  ---------------

Current thread (0x0000026cf3272940):  JavaThread "C2 CompilerThread0" daemon [_thread_in_native, id=21728, stack(0x000000a2bcb00000,0x000000a2bcc00000)]


Current CompileTask:
C2:    774 1307       4       sun.awt.image.PNGImageDecoder::filterRow (460 bytes)

Stack: [0x000000a2bcb00000,0x000000a2bcc00000]
Native frames: (J=compiled Java code, j=interpreted, Vv=VM code, C=native code)
V  [jvm.dll+0x66fa1a]
V  [jvm.dll+0x7ce5a4]
V  [jvm.dll+0x7cfd4e]
V  [jvm.dll+0x7d03b3]
V  [jvm.dll+0x242b05]
V  [jvm.dll+0xaa05b]
V  [jvm.dll+0xaa5ec]
V  [jvm.dll+0x2a953f]
V  [jvm.dll+0x5785a9]
V  [jvm.dll+0x21dd7d]
V  [jvm.dll+0x21e15f]
V  [jvm.dll+0x217a2a]
V  [jvm.dll+0x214f05]
V  [jvm.dll+0x1a168d]
V  [jvm.dll+0x224848]
V  [jvm.dll+0x2229ac]
V  [jvm.dll+0x78435b]
V  [jvm.dll+0x77e91a]
V  [jvm.dll+0x66e845]
C  [ucrtbase.dll+0x21bb2]
C  [KERNEL32.DLL+0x174b4]
C  [ntdll.dll+0x526a1]


---------------  P R O C E S S  ---------------

Threads class SMR info:
_java_thread_list=0x0000026cf4d2c660, length=18, elements={
0x0000026cf3257ac0, 0x0000026cf32590d0, 0x0000026cf3269950, 0x0000026cf326c310,
0x0000026cf326f4a0, 0x0000026cf326d460, 0x0000026cf3272940, 0x0000026cf3278a00,
0x0000026cf3289bb0, 0x0000026cf323e850, 0x0000026cf3e0dc80, 0x0000026cf3f46620,
0x0000026cf3fd6000, 0x0000026cf3fd64d0, 0x0000026cf40ed670, 0x0000026cd3b4e240,
0x0000026cf4df1af0, 0x0000026cf4e13bf0
}

Java Threads: ( => current thread )
  0x0000026cf3257ac0 JavaThread "Reference Handler" daemon [_thread_blocked, id=9896, stack(0x000000a2bc500000,0x000000a2bc600000)]
  0x0000026cf32590d0 JavaThread "Finalizer" daemon [_thread_blocked, id=21312, stack(0x000000a2bc600000,0x000000a2bc700000)]
  0x0000026cf3269950 JavaThread "Signal Dispatcher" daemon [_thread_blocked, id=17996, stack(0x000000a2bc700000,0x000000a2bc800000)]
  0x0000026cf326c310 JavaThread "Attach Listener" daemon [_thread_blocked, id=21148, stack(0x000000a2bc800000,0x000000a2bc900000)]
  0x0000026cf326f4a0 JavaThread "Service Thread" daemon [_thread_blocked, id=10548, stack(0x000000a2bc900000,0x000000a2bca00000)]
  0x0000026cf326d460 JavaThread "Monitor Deflation Thread" daemon [_thread_blocked, id=20716, stack(0x000000a2bca00000,0x000000a2bcb00000)]
=>0x0000026cf3272940 JavaThread "C2 CompilerThread0" daemon [_thread_in_native, id=21728, stack(0x000000a2bcb00000,0x000000a2bcc00000)]
  0x0000026cf3278a00 JavaThread "C1 CompilerThread0" daemon [_thread_blocked, id=2732, stack(0x000000a2bcc00000,0x000000a2bcd00000)]
  0x0000026cf3289bb0 JavaThread "Sweeper thread" daemon [_thread_blocked, id=15660, stack(0x000000a2bcd00000,0x000000a2bce00000)]
  0x0000026cf323e850 JavaThread "Common-Cleaner" daemon [_thread_blocked, id=15476, stack(0x000000a2bce00000,0x000000a2bcf00000)]
  0x0000026cf3e0dc80 JavaThread "Notification Thread" daemon [_thread_blocked, id=12676, stack(0x000000a2bcf00000,0x000000a2bd000000)]
  0x0000026cf3f46620 JavaThread "Java2D Disposer" daemon [_thread_blocked, id=18844, stack(0x000000a2bd100000,0x000000a2bd200000)]
  0x0000026cf3fd6000 JavaThread "AWT-Shutdown" [_thread_blocked, id=6232, stack(0x000000a2bd200000,0x000000a2bd300000)]
  0x0000026cf3fd64d0 JavaThread "AWT-Windows" daemon [_thread_in_native, id=16160, stack(0x000000a2bd300000,0x000000a2bd400000)]
  0x0000026cf40ed670 JavaThread "AWT-EventQueue-0" [_thread_in_Java, id=6212, stack(0x000000a2bd400000,0x000000a2bd500000)]
  0x0000026cd3b4e240 JavaThread "DestroyJavaVM" [_thread_blocked, id=6248, stack(0x000000a2bbe00000,0x000000a2bbf00000)]
  0x0000026cf4df1af0 JavaThread "TimerQueue" daemon [_thread_blocked, id=6720, stack(0x000000a2bd500000,0x000000a2bd600000)]
  0x0000026cf4e13bf0 JavaThread "Image Fetcher 0" daemon [_thread_blocked, id=21812, stack(0x000000a2bd600000,0x000000a2bd700000)]

Other Threads:
  0x0000026cf3251810 VMThread "VM Thread" [stack: 0x000000a2bc400000,0x000000a2bc500000] [id=19016]
  0x0000026cd3ba4f70 WatcherThread [stack: 0x000000a2bd000000,0x000000a2bd100000] [id=11700]
  0x0000026cd3b8bed0 GCTaskThread "GC Thread#0" [stack: 0x000000a2bbf00000,0x000000a2bc000000] [id=7900]
  0x0000026cf4e42cd0 GCTaskThread "GC Thread#1" [stack: 0x000000a2bd700000,0x000000a2bd800000] [id=3020]
  0x0000026cf4e707a0 GCTaskThread "GC Thread#2" [stack: 0x000000a2bd800000,0x000000a2bd900000] [id=21952]
  0x0000026cf4e70a50 GCTaskThread "GC Thread#3" [stack: 0x000000a2bd900000,0x000000a2bda00000] [id=16376]
  0x0000026cd3b9ca50 ConcurrentGCThread "G1 Main Marker" [stack: 0x000000a2bc000000,0x000000a2bc100000] [id=2336]
  0x0000026cd3b9dc00 ConcurrentGCThread "G1 Conc#0" [stack: 0x000000a2bc100000,0x000000a2bc200000] [id=14736]
  0x0000026cd3c15ad0 ConcurrentGCThread "G1 Refine#0" [stack: 0x000000a2bc200000,0x000000a2bc300000] [id=11764]
  0x0000026cf4e70d00 ConcurrentGCThread "G1 Refine#1" [stack: 0x000000a2bda00000,0x000000a2bdb00000] [id=22060]
  0x0000026cd3c164f0 ConcurrentGCThread "G1 Service" [stack: 0x000000a2bc300000,0x000000a2bc400000] [id=6672]

Threads with active compile tasks:
C2 CompilerThread0      799 1307       4       sun.awt.image.PNGImageDecoder::filterRow (460 bytes)

VM state: not at safepoint (normal execution)

VM Mutex/Monitor currently owned by a thread: None

Heap address: 0x0000000081e00000, size: 2018 MB, Compressed Oops mode: 32-bit

CDS archive(s) mapped at: [0x0000000800000000-0x0000000800bc0000-0x0000000800bc0000), size 12320768, SharedBaseAddress: 0x0000000800000000, ArchiveRelocationMode: 0.
Compressed class space mapped at: 0x0000000800c00000-0x0000000840c00000, reserved size: 1073741824
Narrow klass base: 0x0000000800000000, Narrow klass shift: 0, Narrow klass range: 0x100000000

GC Precious Log:
 CPUs: 4 total, 4 available
 Memory: 8071M
 Large Page Support: Disabled
 NUMA Support: Disabled
 Compressed Oops: Enabled (32-bit)
 Heap Region Size: 1M
 Heap Min Capacity: 8M
 Heap Initial Capacity: 128M
 Heap Max Capacity: 2018M
 Pre-touch: Disabled
 Parallel Workers: 4
 Concurrent Workers: 1
 Concurrent Refinement Workers: 4
 Periodic GC: Disabled

Heap:
 garbage-first heap   total 131072K, used 6827K [0x0000000081e00000, 0x0000000100000000)
  region size 1024K, 4 young (4096K), 2 survivors (2048K)
 Metaspace       used 10675K, committed 10880K, reserved 1064960K
  class space    used 1274K, committed 1408K, reserved 1048576K

Heap Regions: E=young(eden), S=young(survivor), O=old, HS=humongous(starts), HC=humongous(continues), CS=collection set, F=free, OA=open archive, CA=closed archive, TAMS=top-at-mark-start (previous, next)
|   0|0x0000000081e00000, 0x0000000081f00000, 0x0000000081f00000|100%|HS|  |TAMS 0x0000000081e00000, 0x0000000081e00000| Complete 
|   1|0x0000000081f00000, 0x0000000082000000, 0x0000000082000000|100%|HC|  |TAMS 0x0000000081f00000, 0x0000000081f00000| Complete 
|   2|0x0000000082000000, 0x0000000082100000, 0x0000000082100000|100%| O|  |TAMS 0x0000000082000000, 0x0000000082000000| Untracked 
|   3|0x0000000082100000, 0x00000000821aac00, 0x0000000082200000| 66%| O|  |TAMS 0x0000000082100000, 0x0000000082100000| Untracked 
|   4|0x0000000082200000, 0x0000000082200000, 0x0000000082300000|  0%| F|  |TAMS 0x0000000082200000, 0x0000000082200000| Untracked 
|   5|0x0000000082300000, 0x0000000082300000, 0x0000000082400000|  0%| F|  |TAMS 0x0000000082300000, 0x0000000082300000| Untracked 
|   6|0x0000000082400000, 0x0000000082400000, 0x0000000082500000|  0%| F|  |TAMS 0x0000000082400000, 0x0000000082400000| Untracked 
|   7|0x0000000082500000, 0x0000000082500000, 0x0000000082600000|  0%| F|  |TAMS 0x0000000082500000, 0x0000000082500000| Untracked 
|   8|0x0000000082600000, 0x0000000082600000, 0x0000000082700000|  0%| F|  |TAMS 0x0000000082600000, 0x0000000082600000| Untracked 
|   9|0x0000000082700000, 0x0000000082700000, 0x0000000082800000|  0%| F|  |TAMS 0x0000000082700000, 0x0000000082700000| Untracked 
|  10|0x0000000082800000, 0x0000000082800000, 0x0000000082900000|  0%| F|  |TAMS 0x0000000082800000, 0x0000000082800000| Untracked 
|  11|0x0000000082900000, 0x0000000082900000, 0x0000000082a00000|  0%| F|  |TAMS 0x0000000082900000, 0x0000000082900000| Untracked 
|  12|0x0000000082a00000, 0x0000000082a00000, 0x0000000082b00000|  0%| F|  |TAMS 0x0000000082a00000, 0x0000000082a00000| Untracked 
|  13|0x0000000082b00000, 0x0000000082b00000, 0x0000000082c00000|  0%| F|  |TAMS 0x0000000082b00000, 0x0000000082b00000| Untracked 
|  14|0x0000000082c00000, 0x0000000082c00000, 0x0000000082d00000|  0%| F|  |TAMS 0x0000000082c00000, 0x0000000082c00000| Untracked 
|  15|0x0000000082d00000, 0x0000000082d00000, 0x0000000082e00000|  0%| F|  |TAMS 0x0000000082d00000, 0x0000000082d00000| Untracked 
|  16|0x0000000082e00000, 0x0000000082e00000, 0x0000000082f00000|  0%| F|  |TAMS 0x0000000082e00000, 0x0000000082e00000| Untracked 
|  17|0x0000000082f00000, 0x0000000082f00000, 0x0000000083000000|  0%| F|  |TAMS 0x0000000082f00000, 0x0000000082f00000| Untracked 
|  18|0x0000000083000000, 0x0000000083000000, 0x0000000083100000|  0%| F|  |TAMS 0x0000000083000000, 0x0000000083000000| Untracked 
|  19|0x0000000083100000, 0x0000000083100000, 0x0000000083200000|  0%| F|  |TAMS 0x0000000083100000, 0x0000000083100000| Untracked 
|  20|0x0000000083200000, 0x0000000083200000, 0x0000000083300000|  0%| F|  |TAMS 0x0000000083200000, 0x0000000083200000| Untracked 
|  21|0x0000000083300000, 0x0000000083300000, 0x0000000083400000|  0%| F|  |TAMS 0x0000000083300000, 0x0000000083300000| Untracked 
|  22|0x0000000083400000, 0x0000000083400000, 0x0000000083500000|  0%| F|  |TAMS 0x0000000083400000, 0x0000000083400000| Untracked 
|  23|0x0000000083500000, 0x0000000083500000, 0x0000000083600000|  0%| F|  |TAMS 0x0000000083500000, 0x0000000083500000| Untracked 
|  24|0x0000000083600000, 0x0000000083600000, 0x0000000083700000|  0%| F|  |TAMS 0x0000000083600000, 0x0000000083600000| Untracked 
|  25|0x0000000083700000, 0x0000000083700000, 0x0000000083800000|  0%| F|  |TAMS 0x0000000083700000, 0x0000000083700000| Untracked 
|  26|0x0000000083800000, 0x0000000083800000, 0x0000000083900000|  0%| F|  |TAMS 0x0000000083800000, 0x0000000083800000| Untracked 
|  27|0x0000000083900000, 0x0000000083900000, 0x0000000083a00000|  0%| F|  |TAMS 0x0000000083900000, 0x0000000083900000| Untracked 
|  28|0x0000000083a00000, 0x0000000083a00000, 0x0000000083b00000|  0%| F|  |TAMS 0x0000000083a00000, 0x0000000083a00000| Untracked 
|  29|0x0000000083b00000, 0x0000000083b00000, 0x0000000083c00000|  0%| F|  |TAMS 0x0000000083b00000, 0x0000000083b00000| Untracked 
|  30|0x0000000083c00000, 0x0000000083c00000, 0x0000000083d00000|  0%| F|  |TAMS 0x0000000083c00000, 0x0000000083c00000| Untracked 
|  31|0x0000000083d00000, 0x0000000083d00000, 0x0000000083e00000|  0%| F|  |TAMS 0x0000000083d00000, 0x0000000083d00000| Untracked 
|  32|0x0000000083e00000, 0x0000000083e00000, 0x0000000083f00000|  0%| F|  |TAMS 0x0000000083e00000, 0x0000000083e00000| Untracked 
|  33|0x0000000083f00000, 0x0000000083f00000, 0x0000000084000000|  0%| F|  |TAMS 0x0000000083f00000, 0x0000000083f00000| Untracked 
|  34|0x0000000084000000, 0x0000000084000000, 0x0000000084100000|  0%| F|  |TAMS 0x0000000084000000, 0x0000000084000000| Untracked 
|  35|0x0000000084100000, 0x0000000084100000, 0x0000000084200000|  0%| F|  |TAMS 0x0000000084100000, 0x0000000084100000| Untracked 
|  36|0x0000000084200000, 0x0000000084200000, 0x0000000084300000|  0%| F|  |TAMS 0x0000000084200000, 0x0000000084200000| Untracked 
|  37|0x0000000084300000, 0x0000000084300000, 0x0000000084400000|  0%| F|  |TAMS 0x0000000084300000, 0x0000000084300000| Untracked 
|  38|0x0000000084400000, 0x0000000084400000, 0x0000000084500000|  0%| F|  |TAMS 0x0000000084400000, 0x0000000084400000| Untracked 
|  39|0x0000000084500000, 0x0000000084500000, 0x0000000084600000|  0%| F|  |TAMS 0x0000000084500000, 0x0000000084500000| Untracked 
|  40|0x0000000084600000, 0x0000000084600000, 0x0000000084700000|  0%| F|  |TAMS 0x0000000084600000, 0x0000000084600000| Untracked 
|  41|0x0000000084700000, 0x0000000084700000, 0x0000000084800000|  0%| F|  |TAMS 0x0000000084700000, 0x0000000084700000| Untracked 
|  42|0x0000000084800000, 0x0000000084800000, 0x0000000084900000|  0%| F|  |TAMS 0x0000000084800000, 0x0000000084800000| Untracked 
|  43|0x0000000084900000, 0x0000000084900000, 0x0000000084a00000|  0%| F|  |TAMS 0x0000000084900000, 0x0000000084900000| Untracked 
|  44|0x0000000084a00000, 0x0000000084a00000, 0x0000000084b00000|  0%| F|  |TAMS 0x0000000084a00000, 0x0000000084a00000| Untracked 
|  45|0x0000000084b00000, 0x0000000084b00000, 0x0000000084c00000|  0%| F|  |TAMS 0x0000000084b00000, 0x0000000084b00000| Untracked 
|  46|0x0000000084c00000, 0x0000000084c00000, 0x0000000084d00000|  0%| F|  |TAMS 0x0000000084c00000, 0x0000000084c00000| Untracked 
|  47|0x0000000084d00000, 0x0000000084d00000, 0x0000000084e00000|  0%| F|  |TAMS 0x0000000084d00000, 0x0000000084d00000| Untracked 
|  48|0x0000000084e00000, 0x0000000084e00000, 0x0000000084f00000|  0%| F|  |TAMS 0x0000000084e00000, 0x0000000084e00000| Untracked 
|  49|0x0000000084f00000, 0x0000000084f00000, 0x0000000085000000|  0%| F|  |TAMS 0x0000000084f00000, 0x0000000084f00000| Untracked 
|  50|0x0000000085000000, 0x0000000085000000, 0x0000000085100000|  0%| F|  |TAMS 0x0000000085000000, 0x0000000085000000| Untracked 
|  51|0x0000000085100000, 0x0000000085100000, 0x0000000085200000|  0%| F|  |TAMS 0x0000000085100000, 0x0000000085100000| Untracked 
|  52|0x0000000085200000, 0x0000000085200000, 0x0000000085300000|  0%| F|  |TAMS 0x0000000085200000, 0x0000000085200000| Untracked 
|  53|0x0000000085300000, 0x0000000085300000, 0x0000000085400000|  0%| F|  |TAMS 0x0000000085300000, 0x0000000085300000| Untracked 
|  54|0x0000000085400000, 0x0000000085400000, 0x0000000085500000|  0%| F|  |TAMS 0x0000000085400000, 0x0000000085400000| Untracked 
|  55|0x0000000085500000, 0x0000000085500000, 0x0000000085600000|  0%| F|  |TAMS 0x0000000085500000, 0x0000000085500000| Untracked 
|  56|0x0000000085600000, 0x0000000085600000, 0x0000000085700000|  0%| F|  |TAMS 0x0000000085600000, 0x0000000085600000| Untracked 
|  57|0x0000000085700000, 0x0000000085700000, 0x0000000085800000|  0%| F|  |TAMS 0x0000000085700000, 0x0000000085700000| Untracked 
|  58|0x0000000085800000, 0x0000000085800000, 0x0000000085900000|  0%| F|  |TAMS 0x0000000085800000, 0x0000000085800000| Untracked 
|  59|0x0000000085900000, 0x0000000085900000, 0x0000000085a00000|  0%| F|  |TAMS 0x0000000085900000, 0x0000000085900000| Untracked 
|  60|0x0000000085a00000, 0x0000000085a00000, 0x0000000085b00000|  0%| F|  |TAMS 0x0000000085a00000, 0x0000000085a00000| Untracked 
|  61|0x0000000085b00000, 0x0000000085b00000, 0x0000000085c00000|  0%| F|  |TAMS 0x0000000085b00000, 0x0000000085b00000| Untracked 
|  62|0x0000000085c00000, 0x0000000085c00000, 0x0000000085d00000|  0%| F|  |TAMS 0x0000000085c00000, 0x0000000085c00000| Untracked 
|  63|0x0000000085d00000, 0x0000000085d00000, 0x0000000085e00000|  0%| F|  |TAMS 0x0000000085d00000, 0x0000000085d00000| Untracked 
|  64|0x0000000085e00000, 0x0000000085e00000, 0x0000000085f00000|  0%| F|  |TAMS 0x0000000085e00000, 0x0000000085e00000| Untracked 
|  65|0x0000000085f00000, 0x0000000085f00000, 0x0000000086000000|  0%| F|  |TAMS 0x0000000085f00000, 0x0000000085f00000| Untracked 
|  66|0x0000000086000000, 0x0000000086000000, 0x0000000086100000|  0%| F|  |TAMS 0x0000000086000000, 0x0000000086000000| Untracked 
|  67|0x0000000086100000, 0x0000000086100000, 0x0000000086200000|  0%| F|  |TAMS 0x0000000086100000, 0x0000000086100000| Untracked 
|  68|0x0000000086200000, 0x0000000086200000, 0x0000000086300000|  0%| F|  |TAMS 0x0000000086200000, 0x0000000086200000| Untracked 
|  69|0x0000000086300000, 0x0000000086300000, 0x0000000086400000|  0%| F|  |TAMS 0x0000000086300000, 0x0000000086300000| Untracked 
|  70|0x0000000086400000, 0x0000000086400000, 0x0000000086500000|  0%| F|  |TAMS 0x0000000086400000, 0x0000000086400000| Untracked 
|  71|0x0000000086500000, 0x0000000086500000, 0x0000000086600000|  0%| F|  |TAMS 0x0000000086500000, 0x0000000086500000| Untracked 
|  72|0x0000000086600000, 0x0000000086600000, 0x0000000086700000|  0%| F|  |TAMS 0x0000000086600000, 0x0000000086600000| Untracked 
|  73|0x0000000086700000, 0x0000000086700000, 0x0000000086800000|  0%| F|  |TAMS 0x0000000086700000, 0x0000000086700000| Untracked 
|  74|0x0000000086800000, 0x0000000086800000, 0x0000000086900000|  0%| F|  |TAMS 0x0000000086800000, 0x0000000086800000| Untracked 
|  75|0x0000000086900000, 0x0000000086900000, 0x0000000086a00000|  0%| F|  |TAMS 0x0000000086900000, 0x0000000086900000| Untracked 
|  76|0x0000000086a00000, 0x0000000086a00000, 0x0000000086b00000|  0%| F|  |TAMS 0x0000000086a00000, 0x0000000086a00000| Untracked 
|  77|0x0000000086b00000, 0x0000000086b00000, 0x0000000086c00000|  0%| F|  |TAMS 0x0000000086b00000, 0x0000000086b00000| Untracked 
|  78|0x0000000086c00000, 0x0000000086c00000, 0x0000000086d00000|  0%| F|  |TAMS 0x0000000086c00000, 0x0000000086c00000| Untracked 
|  79|0x0000000086d00000, 0x0000000086d00000, 0x0000000086e00000|  0%| F|  |TAMS 0x0000000086d00000, 0x0000000086d00000| Untracked 
|  80|0x0000000086e00000, 0x0000000086e00000, 0x0000000086f00000|  0%| F|  |TAMS 0x0000000086e00000, 0x0000000086e00000| Untracked 
|  81|0x0000000086f00000, 0x0000000086f00000, 0x0000000087000000|  0%| F|  |TAMS 0x0000000086f00000, 0x0000000086f00000| Untracked 
|  82|0x0000000087000000, 0x0000000087000000, 0x0000000087100000|  0%| F|  |TAMS 0x0000000087000000, 0x0000000087000000| Untracked 
|  83|0x0000000087100000, 0x0000000087100000, 0x0000000087200000|  0%| F|  |TAMS 0x0000000087100000, 0x0000000087100000| Untracked 
|  84|0x0000000087200000, 0x0000000087200000, 0x0000000087300000|  0%| F|  |TAMS 0x0000000087200000, 0x0000000087200000| Untracked 
|  85|0x0000000087300000, 0x0000000087300000, 0x0000000087400000|  0%| F|  |TAMS 0x0000000087300000, 0x0000000087300000| Untracked 
|  86|0x0000000087400000, 0x0000000087400000, 0x0000000087500000|  0%| F|  |TAMS 0x0000000087400000, 0x0000000087400000| Untracked 
|  87|0x0000000087500000, 0x0000000087500000, 0x0000000087600000|  0%| F|  |TAMS 0x0000000087500000, 0x0000000087500000| Untracked 
|  88|0x0000000087600000, 0x0000000087600000, 0x0000000087700000|  0%| F|  |TAMS 0x0000000087600000, 0x0000000087600000| Untracked 
|  89|0x0000000087700000, 0x0000000087700000, 0x0000000087800000|  0%| F|  |TAMS 0x0000000087700000, 0x0000000087700000| Untracked 
|  90|0x0000000087800000, 0x0000000087800000, 0x0000000087900000|  0%| F|  |TAMS 0x0000000087800000, 0x0000000087800000| Untracked 
|  91|0x0000000087900000, 0x0000000087900000, 0x0000000087a00000|  0%| F|  |TAMS 0x0000000087900000, 0x0000000087900000| Untracked 
|  92|0x0000000087a00000, 0x0000000087a00000, 0x0000000087b00000|  0%| F|  |TAMS 0x0000000087a00000, 0x0000000087a00000| Untracked 
|  93|0x0000000087b00000, 0x0000000087b00000, 0x0000000087c00000|  0%| F|  |TAMS 0x0000000087b00000, 0x0000000087b00000| Untracked 
|  94|0x0000000087c00000, 0x0000000087c00000, 0x0000000087d00000|  0%| F|  |TAMS 0x0000000087c00000, 0x0000000087c00000| Untracked 
|  95|0x0000000087d00000, 0x0000000087d00000, 0x0000000087e00000|  0%| F|  |TAMS 0x0000000087d00000, 0x0000000087d00000| Untracked 
|  96|0x0000000087e00000, 0x0000000087e00000, 0x0000000087f00000|  0%| F|  |TAMS 0x0000000087e00000, 0x0000000087e00000| Untracked 
|  97|0x0000000087f00000, 0x0000000087f00000, 0x0000000088000000|  0%| F|  |TAMS 0x0000000087f00000, 0x0000000087f00000| Untracked 
|  98|0x0000000088000000, 0x0000000088000000, 0x0000000088100000|  0%| F|  |TAMS 0x0000000088000000, 0x0000000088000000| Untracked 
|  99|0x0000000088100000, 0x0000000088100000, 0x0000000088200000|  0%| F|  |TAMS 0x0000000088100000, 0x0000000088100000| Untracked 
| 100|0x0000000088200000, 0x0000000088200000, 0x0000000088300000|  0%| F|  |TAMS 0x0000000088200000, 0x0000000088200000| Untracked 
| 101|0x0000000088300000, 0x0000000088300000, 0x0000000088400000|  0%| F|  |TAMS 0x0000000088300000, 0x0000000088300000| Untracked 
| 102|0x0000000088400000, 0x0000000088400000, 0x0000000088500000|  0%| F|  |TAMS 0x0000000088400000, 0x0000000088400000| Untracked 
| 103|0x0000000088500000, 0x0000000088500000, 0x0000000088600000|  0%| F|  |TAMS 0x0000000088500000, 0x0000000088500000| Untracked 
| 104|0x0000000088600000, 0x0000000088600000, 0x0000000088700000|  0%| F|  |TAMS 0x0000000088600000, 0x0000000088600000| Untracked 
| 105|0x0000000088700000, 0x0000000088700000, 0x0000000088800000|  0%| F|  |TAMS 0x0000000088700000, 0x0000000088700000| Untracked 
| 106|0x0000000088800000, 0x0000000088800000, 0x0000000088900000|  0%| F|  |TAMS 0x0000000088800000, 0x0000000088800000| Untracked 
| 107|0x0000000088900000, 0x0000000088900000, 0x0000000088a00000|  0%| F|  |TAMS 0x0000000088900000, 0x0000000088900000| Untracked 
| 108|0x0000000088a00000, 0x0000000088a00000, 0x0000000088b00000|  0%| F|  |TAMS 0x0000000088a00000, 0x0000000088a00000| Untracked 
| 109|0x0000000088b00000, 0x0000000088b00000, 0x0000000088c00000|  0%| F|  |TAMS 0x0000000088b00000, 0x0000000088b00000| Untracked 
| 110|0x0000000088c00000, 0x0000000088c00000, 0x0000000088d00000|  0%| F|  |TAMS 0x0000000088c00000, 0x0000000088c00000| Untracked 
| 111|0x0000000088d00000, 0x0000000088d00000, 0x0000000088e00000|  0%| F|  |TAMS 0x0000000088d00000, 0x0000000088d00000| Untracked 
| 112|0x0000000088e00000, 0x0000000088e00000, 0x0000000088f00000|  0%| F|  |TAMS 0x0000000088e00000, 0x0000000088e00000| Untracked 
| 113|0x0000000088f00000, 0x0000000089000000, 0x0000000089000000|100%| S|CS|TAMS 0x0000000088f00000, 0x0000000088f00000| Complete 
| 114|0x0000000089000000, 0x0000000089100000, 0x0000000089100000|100%| S|CS|TAMS 0x0000000089000000, 0x0000000089000000| Complete 
| 115|0x0000000089100000, 0x0000000089100000, 0x0000000089200000|  0%| F|  |TAMS 0x0000000089100000, 0x0000000089100000| Untracked 
| 116|0x0000000089200000, 0x0000000089200000, 0x0000000089300000|  0%| F|  |TAMS 0x0000000089200000, 0x0000000089200000| Untracked 
| 117|0x0000000089300000, 0x0000000089300000, 0x0000000089400000|  0%| F|  |TAMS 0x0000000089300000, 0x0000000089300000| Untracked 
| 118|0x0000000089400000, 0x0000000089400000, 0x0000000089500000|  0%| F|  |TAMS 0x0000000089400000, 0x0000000089400000| Untracked 
| 119|0x0000000089500000, 0x0000000089500000, 0x0000000089600000|  0%| F|  |TAMS 0x0000000089500000, 0x0000000089500000| Untracked 
| 120|0x0000000089600000, 0x0000000089600000, 0x0000000089700000|  0%| F|  |TAMS 0x0000000089600000, 0x0000000089600000| Untracked 
| 121|0x0000000089700000, 0x0000000089700000, 0x0000000089800000|  0%| F|  |TAMS 0x0000000089700000, 0x0000000089700000| Untracked 
| 122|0x0000000089800000, 0x0000000089800000, 0x0000000089900000|  0%| F|  |TAMS 0x0000000089800000, 0x0000000089800000| Untracked 
| 123|0x0000000089900000, 0x0000000089900000, 0x0000000089a00000|  0%| F|  |TAMS 0x0000000089900000, 0x0000000089900000| Untracked 
| 124|0x0000000089a00000, 0x0000000089a00000, 0x0000000089b00000|  0%| F|  |TAMS 0x0000000089a00000, 0x0000000089a00000| Untracked 
| 125|0x0000000089b00000, 0x0000000089b00000, 0x0000000089c00000|  0%| F|  |TAMS 0x0000000089b00000, 0x0000000089b00000| Untracked 
| 126|0x0000000089c00000, 0x0000000089c4ff38, 0x0000000089d00000| 31%| E|  |TAMS 0x0000000089c00000, 0x0000000089c00000| Complete 
| 127|0x0000000089d00000, 0x0000000089e00000, 0x0000000089e00000|100%| E|CS|TAMS 0x0000000089d00000, 0x0000000089d00000| Complete 

Card table byte_map: [0x0000026cec570000,0x0000026cec970000] _byte_map_base: 0x0000026cec161000

Marking Bits (Prev, Next): (CMBitMap*) 0x0000026cd3b8c4e0, (CMBitMap*) 0x0000026cd3b8c520
 Prev Bits: [0x0000026cecd70000, 0x0000026ceecf8000)
 Next Bits: [0x0000026ceed00000, 0x0000026cf0c88000)

Polling page: 0x0000026cd3c30000

Metaspace:

Usage:
  Non-class:      9.20 MB used.
      Class:      1.25 MB used.
       Both:     10.45 MB used.

Virtual space:
  Non-class space:       16.00 MB reserved,       9.25 MB ( 58%) committed,  2 nodes.
      Class space:        1.00 GB reserved,       1.38 MB ( <1%) committed,  1 nodes.
             Both:        1.02 GB reserved,      10.62 MB (  1%) committed. 

Chunk freelists:
   Non-Class:  2.45 MB
       Class:  2.68 MB
        Both:  5.14 MB

MaxMetaspaceSize: unlimited
CompressedClassSpaceSize: 1.00 GB
Initial GC threshold: 21.00 MB
Current GC threshold: 21.00 MB
CDS: on
MetaspaceReclaimPolicy: balanced
 - commit_granule_bytes: 65536.
 - commit_granule_words: 8192.
 - virtual_space_node_default_size: 1048576.
 - enlarge_chunks_in_place: 1.
 - new_chunks_are_fully_committed: 0.
 - uncommit_free_chunks: 1.
 - use_allocation_guard: 0.
 - handle_deallocations: 1.


Internal statistics:

num_allocs_failed_limit: 0.
num_arena_births: 102.
num_arena_deaths: 0.
num_vsnodes_births: 3.
num_vsnodes_deaths: 0.
num_space_committed: 170.
num_space_uncommitted: 0.
num_chunks_returned_to_freelist: 0.
num_chunks_taken_from_freelist: 161.
num_chunk_merges: 0.
num_chunk_splits: 88.
num_chunks_enlarged: 34.
num_purges: 0.
num_inconsistent_stats: 0.

CodeHeap 'non-profiled nmethods': size=120000Kb used=374Kb max_used=374Kb free=119625Kb
 bounds [0x0000026ce4610000, 0x0000026ce4880000, 0x0000026cebb40000]
CodeHeap 'profiled nmethods': size=120000Kb used=2439Kb max_used=2439Kb free=117560Kb
 bounds [0x0000026cdd0e0000, 0x0000026cdd350000, 0x0000026ce4610000]
CodeHeap 'non-nmethods': size=5760Kb used=1287Kb max_used=1287Kb free=4472Kb
 bounds [0x0000026cdcb40000, 0x0000026cdcdb0000, 0x0000026cdd0e0000]
 total_blobs=1962 nmethods=1346 adapters=528
 compilation: enabled
              stopped_count=0, restarted_count=0
 full_count=0

Compilation events (20 events):
Event: 0.762 Thread 0x0000026cf3278a00 nmethod 1303 0x0000026cdd32af10 code [0x0000026cdd32b1a0, 0x0000026cdd32bfe8]
Event: 0.763 Thread 0x0000026cf3278a00 1305       3       java.io.BufferedInputStream::getInIfOpen (21 bytes)
Event: 0.763 Thread 0x0000026cf3278a00 nmethod 1305 0x0000026cdd32c790 code [0x0000026cdd32c940, 0x0000026cdd32cb48]
Event: 0.764 Thread 0x0000026cf3278a00 1306       3       java.io.BufferedInputStream::fill (203 bytes)
Event: 0.765 Thread 0x0000026cf3278a00 nmethod 1306 0x0000026cdd32cc10 code [0x0000026cdd32ce80, 0x0000026cdd32dae8]
Event: 0.766 Thread 0x0000026cf3272940 nmethod 1288% 0x0000026ce466bb10 code [0x0000026ce466bca0, 0x0000026ce466bfd8]
Event: 0.766 Thread 0x0000026cf3278a00 1308   !   3       java.util.zip.InflaterInputStream::read (138 bytes)
Event: 0.766 Thread 0x0000026cf3272940 1307       4       sun.awt.image.PNGImageDecoder::filterRow (460 bytes)
Event: 0.767 Thread 0x0000026cf3278a00 nmethod 1308 0x0000026cdd32de90 code [0x0000026cdd32e140, 0x0000026cdd32ee18]
Event: 0.767 Thread 0x0000026cf3278a00 1310   !   3       java.util.zip.Inflater::setInput (69 bytes)
Event: 0.767 Thread 0x0000026cf3278a00 nmethod 1310 0x0000026cdd32f390 code [0x0000026cdd32f540, 0x0000026cdd32f908]
Event: 0.768 Thread 0x0000026cf3278a00 1311       3       java.util.zip.InflaterInputStream::fill (60 bytes)
Event: 0.768 Thread 0x0000026cf3278a00 nmethod 1311 0x0000026cdd32fa90 code [0x0000026cdd32fc80, 0x0000026cdd3300f8]
Event: 0.768 Thread 0x0000026cf3278a00 1312       3       sun.awt.image.PNGFilterInputStream::read (89 bytes)
Event: 0.769 Thread 0x0000026cf3278a00 nmethod 1312 0x0000026cdd330310 code [0x0000026cdd3304e0, 0x0000026cdd330838]
Event: 0.769 Thread 0x0000026cf3278a00 1313       3       java.util.zip.InflaterInputStream::available (32 bytes)
Event: 0.769 Thread 0x0000026cf3278a00 nmethod 1313 0x0000026cdd330990 code [0x0000026cdd330b60, 0x0000026cdd331008]
Event: 0.771 Thread 0x0000026cf3278a00 1314       1       javax.swing.JLabel::getText (5 bytes)
Event: 0.771 Thread 0x0000026cf3278a00 nmethod 1314 0x0000026ce466c590 code [0x0000026ce466c720, 0x0000026ce466c7f8]
Event: 0.772 Thread 0x0000026cf3278a00 1316       3       java.lang.ref.Cleaner$1::apply (9 bytes)

GC Heap History (2 events):
Event: 0.751 GC heap before
{Heap before GC invocations=0 (full 0):
 garbage-first heap   total 131072K, used 15360K [0x0000000081e00000, 0x0000000100000000)
  region size 1024K, 13 young (13312K), 0 survivors (0K)
 Metaspace       used 10225K, committed 10432K, reserved 1064960K
  class space    used 1221K, committed 1344K, reserved 1048576K
}
Event: 0.759 GC heap after
{Heap after GC invocations=1 (full 0):
 garbage-first heap   total 131072K, used 5803K [0x0000000081e00000, 0x0000000100000000)
  region size 1024K, 2 young (2048K), 2 survivors (2048K)
 Metaspace       used 10225K, committed 10432K, reserved 1064960K
  class space    used 1221K, committed 1344K, reserved 1048576K
}

Deoptimization events (20 events):
Event: 0.765 Thread 0x0000026cf4e13bf0 DEOPT PACKING pc=0x0000026cdd32bd5e sp=0x000000a2bd6ff3d0
Event: 0.765 Thread 0x0000026cf4e13bf0 DEOPT UNPACKING pc=0x0000026cdcb92b43 sp=0x000000a2bd6fe870 mode 0
Event: 0.765 Thread 0x0000026cf4e13bf0 DEOPT PACKING pc=0x0000026cdd32bd5e sp=0x000000a2bd6ff3d0
Event: 0.765 Thread 0x0000026cf4e13bf0 DEOPT UNPACKING pc=0x0000026cdcb92b43 sp=0x000000a2bd6fe870 mode 0
Event: 0.766 Thread 0x0000026cf4e13bf0 DEOPT PACKING pc=0x0000026cdd32bd5e sp=0x000000a2bd6ff3d0
Event: 0.766 Thread 0x0000026cf4e13bf0 DEOPT UNPACKING pc=0x0000026cdcb92b43 sp=0x000000a2bd6fe870 mode 0
Event: 0.767 Thread 0x0000026cf4e13bf0 DEOPT PACKING pc=0x0000026cdd32bd5e sp=0x000000a2bd6ff3d0
Event: 0.767 Thread 0x0000026cf4e13bf0 DEOPT UNPACKING pc=0x0000026cdcb92b43 sp=0x000000a2bd6fe870 mode 0
Event: 0.767 Thread 0x0000026cf4e13bf0 DEOPT PACKING pc=0x0000026cdd32bd5e sp=0x000000a2bd6ff3d0
Event: 0.767 Thread 0x0000026cf4e13bf0 DEOPT UNPACKING pc=0x0000026cdcb92b43 sp=0x000000a2bd6fe870 mode 0
Event: 0.769 Thread 0x0000026cf4e13bf0 DEOPT PACKING pc=0x0000026cdd32bd5e sp=0x000000a2bd6ff3d0
Event: 0.769 Thread 0x0000026cf4e13bf0 DEOPT UNPACKING pc=0x0000026cdcb92b43 sp=0x000000a2bd6fe870 mode 0
Event: 0.770 Thread 0x0000026cf4e13bf0 DEOPT PACKING pc=0x0000026cdd32bd5e sp=0x000000a2bd6ff3d0
Event: 0.770 Thread 0x0000026cf4e13bf0 DEOPT UNPACKING pc=0x0000026cdcb92b43 sp=0x000000a2bd6fe870 mode 0
Event: 0.770 Thread 0x0000026cf4e13bf0 DEOPT PACKING pc=0x0000026cdd32bd5e sp=0x000000a2bd6ff3d0
Event: 0.770 Thread 0x0000026cf4e13bf0 DEOPT UNPACKING pc=0x0000026cdcb92b43 sp=0x000000a2bd6fe870 mode 0
Event: 0.771 Thread 0x0000026cf40ed670 Uncommon trap: trap_request=0xffffff45 fr.pc=0x0000026ce46576d8 relative=0x00000000000000d8
Event: 0.771 Thread 0x0000026cf40ed670 Uncommon trap: reason=unstable_if action=reinterpret pc=0x0000026ce46576d8 method=java.lang.ref.SoftReference.get()Ljava/lang/Object; @ 17 c2
Event: 0.771 Thread 0x0000026cf40ed670 DEOPT PACKING pc=0x0000026ce46576d8 sp=0x000000a2bd4fdfa0
Event: 0.771 Thread 0x0000026cf40ed670 DEOPT UNPACKING pc=0x0000026cdcb923a3 sp=0x000000a2bd4fdf58 mode 2

Classes unloaded (0 events):
No events

Classes redefined (0 events):
No events

Internal exceptions (20 events):
Event: 0.330 Thread 0x0000026cd3b4e240 Exception <a 'java/lang/ClassNotFoundException'{0x00000000899f5ce8}: TextArea> (0x00000000899f5ce8) 
thrown [t:\workspace\open\src\hotspot\share\classfile\systemDictionary.cpp, line 256]
Event: 0.331 Thread 0x0000026cd3b4e240 Exception <a 'java/lang/ClassNotFoundException'{0x00000000899f6628}: TextPane> (0x00000000899f6628) 
thrown [t:\workspace\open\src\hotspot\share\classfile\systemDictionary.cpp, line 256]
Event: 0.331 Thread 0x0000026cd3b4e240 Exception <a 'java/lang/ClassNotFoundException'{0x00000000899f6a90}: EditorPane> (0x00000000899f6a90) 
thrown [t:\workspace\open\src\hotspot\share\classfile\systemDictionary.cpp, line 256]
Event: 0.332 Thread 0x0000026cd3b4e240 Exception <a 'java/lang/ClassNotFoundException'{0x00000000899f73f0}: ToolBar> (0x00000000899f73f0) 
thrown [t:\workspace\open\src\hotspot\share\classfile\systemDictionary.cpp, line 256]
Event: 0.332 Thread 0x0000026cd3b4e240 Exception <a 'java/lang/ClassNotFoundException'{0x00000000899f78e8}: ToolBar> (0x00000000899f78e8) 
thrown [t:\workspace\open\src\hotspot\share\classfile\systemDictionary.cpp, line 256]
Event: 0.332 Thread 0x0000026cd3b4e240 Exception <a 'java/lang/ClassNotFoundException'{0x00000000899f7c48}: Button> (0x00000000899f7c48) 
thrown [t:\workspace\open\src\hotspot\share\classfile\systemDictionary.cpp, line 256]
Event: 0.332 Thread 0x0000026cd3b4e240 Exception <a 'java/lang/ClassNotFoundException'{0x00000000899f8110}: ToolBar> (0x00000000899f8110) 
thrown [t:\workspace\open\src\hotspot\share\classfile\systemDictionary.cpp, line 256]
Event: 0.332 Thread 0x0000026cd3b4e240 Exception <a 'java/lang/ClassNotFoundException'{0x00000000899f8480}: ToggleButton> (0x00000000899f8480) 
thrown [t:\workspace\open\src\hotspot\share\classfile\systemDictionary.cpp, line 256]
Event: 0.332 Thread 0x0000026cd3b4e240 Exception <a 'java/lang/ClassNotFoundException'{0x00000000899f88c0}: javax/swing/JToolBarSeparator> (0x00000000899f88c0) 
thrown [t:\workspace\open\src\hotspot\share\classfile\systemDictionary.cpp, line 256]
Event: 0.332 Thread 0x0000026cd3b4e240 Exception <a 'java/lang/ClassNotFoundException'{0x00000000899f8bc8}: ToolBarSeparator> (0x00000000899f8bc8) 
thrown [t:\workspace\open\src\hotspot\share\classfile\systemDictionary.cpp, line 256]
Event: 0.332 Thread 0x0000026cd3b4e240 Exception <a 'java/lang/ClassNotFoundException'{0x00000000899f90e0}: ToolTip> (0x00000000899f90e0) 
thrown [t:\workspace\open\src\hotspot\share\classfile\systemDictionary.cpp, line 256]
Event: 0.333 Thread 0x0000026cd3b4e240 Exception <a 'java/lang/ClassNotFoundException'{0x00000000899f9a30}: Tree> (0x00000000899f9a30) 
thrown [t:\workspace\open\src\hotspot\share\classfile\systemDictionary.cpp, line 256]
Event: 0.333 Thread 0x0000026cd3b4e240 Exception <a 'java/lang/ClassNotFoundException'{0x00000000899f9f28}: Tree> (0x00000000899f9f28) 
thrown [t:\workspace\open\src\hotspot\share\classfile\systemDictionary.cpp, line 256]
Event: 0.333 Thread 0x0000026cd3b4e240 Exception <a 'java/lang/ClassNotFoundException'{0x00000000899fa298}: javax/swing/JTreeCell> (0x00000000899fa298) 
thrown [t:\workspace\open\src\hotspot\share\classfile\systemDictionary.cpp, line 256]
Event: 0.333 Thread 0x0000026cd3b4e240 Exception <a 'java/lang/ClassNotFoundException'{0x00000000899fa598}: TreeCell> (0x00000000899fa598) 
thrown [t:\workspace\open\src\hotspot\share\classfile\systemDictionary.cpp, line 256]
Event: 0.333 Thread 0x0000026cd3b4e240 Exception <a 'java/lang/ClassNotFoundException'{0x00000000899fad58}: RootPane> (0x00000000899fad58) 
thrown [t:\workspace\open\src\hotspot\share\classfile\systemDictionary.cpp, line 256]
Event: 0.335 Thread 0x0000026cd3b4e240 Exception <a 'java/lang/ClassNotFoundException'{0x00000000899fdba8}: com/sun/swing/internal/plaf/metal/resources/spi/metalProvider> (0x00000000899fdba8) 
thrown [t:\workspace\open\src\hotspot\share\classfile\systemDictionary.cpp, line 256]
Event: 0.336 Thread 0x0000026cd3b4e240 Exception <a 'java/lang/ClassNotFoundException'{0x0000000089801c28}: com/sun/swing/internal/plaf/basic/resources/spi/basicProvider> (0x0000000089801c28) 
thrown [t:\workspace\open\src\hotspot\share\classfile\systemDictionary.cpp, line 256]
Event: 0.363 Thread 0x0000026cf40ed670 Exception <a 'java/lang/ClassNotFoundException'{0x000000008989a348}: com/sun/swing/internal/plaf/synth/resources/spi/synthProvider> (0x000000008989a348) 
thrown [t:\workspace\open\src\hotspot\share\classfile\systemDictionary.cpp, line 256]
Event: 0.638 Thread 0x0000026cf4e13bf0 Exception <a 'java/lang/NoSuchMethodError'{0x0000000089356920}: 'java.lang.Object java.lang.invoke.DirectMethodHandle$Holder.newInvokeSpecial(java.lang.Object, java.lang.Object, java.lang.Object, int, int, int, int, int)'> (0x0000000089356920) 
thrown [t:\workspace\open\src\hotspot\share\interpreter\linkResolver.cpp, line 766]

VM Operations (12 events):
Event: 0.088 Executing VM operation: HandshakeAllThreads
Event: 0.088 Executing VM operation: HandshakeAllThreads done
Event: 0.308 Executing VM operation: HandshakeAllThreads
Event: 0.308 Executing VM operation: HandshakeAllThreads done
Event: 0.419 Executing VM operation: HandshakeAllThreads
Event: 0.419 Executing VM operation: HandshakeAllThreads done
Event: 0.630 Executing VM operation: HandshakeAllThreads
Event: 0.630 Executing VM operation: HandshakeAllThreads done
Event: 0.662 Executing VM operation: ICBufferFull
Event: 0.662 Executing VM operation: ICBufferFull done
Event: 0.751 Executing VM operation: G1CollectForAllocation
Event: 0.759 Executing VM operation: G1CollectForAllocation done

Events (20 events):
Event: 0.689 loading class sun/net/www/MimeTable$1
Event: 0.689 loading class sun/net/www/MimeTable$1 done
Event: 0.690 loading class sun/net/www/MimeTable$DefaultInstanceHolder
Event: 0.690 loading class sun/net/www/MimeTable$DefaultInstanceHolder done
Event: 0.690 loading class sun/net/www/MimeTable$DefaultInstanceHolder$1
Event: 0.690 loading class sun/net/www/MimeTable$DefaultInstanceHolder$1 done
Event: 0.691 loading class sun/net/www/MimeEntry
Event: 0.691 loading class sun/net/www/MimeEntry done
Event: 0.693 loading class sun/awt/image/PNGImageDecoder
Event: 0.694 loading class sun/awt/image/PNGImageDecoder done
Event: 0.694 loading class sun/awt/image/PNGFilterInputStream
Event: 0.694 loading class sun/awt/image/PNGFilterInputStream done
Event: 0.695 loading class java/awt/image/DataBufferInt
Event: 0.695 loading class java/awt/image/DataBufferInt done
Event: 0.696 loading class java/awt/image/SinglePixelPackedSampleModel
Event: 0.696 loading class java/awt/image/SinglePixelPackedSampleModel done
Event: 0.696 loading class sun/awt/image/IntegerInterleavedRaster
Event: 0.697 loading class sun/awt/image/IntegerInterleavedRaster done
Event: 0.771 loading class javax/swing/border/MatteBorder
Event: 0.771 loading class javax/swing/border/MatteBorder done


Dynamic libraries:
0x00007ff712c10000 - 0x00007ff712c20000 	C:\Program Files\Java\jdk-17.0.1\bin\java.exe
0x00007ffe10a10000 - 0x00007ffe10c08000 	C:\Windows\SYSTEM32\ntdll.dll
0x00007ffe0f2d0000 - 0x00007ffe0f38f000 	C:\Windows\System32\KERNEL32.DLL
0x00007ffe0e490000 - 0x00007ffe0e762000 	C:\Windows\System32\KERNELBASE.dll
0x00007ffe0e830000 - 0x00007ffe0e930000 	C:\Windows\System32\ucrtbase.dll
0x00007ffdec500000 - 0x00007ffdec518000 	C:\Program Files\Java\jdk-17.0.1\bin\jli.dll
0x00007ffe101b0000 - 0x00007ffe1025e000 	C:\Windows\System32\ADVAPI32.dll
0x00007ffdf5710000 - 0x00007ffdf572a000 	C:\Program Files\Java\jdk-17.0.1\bin\VCRUNTIME140.dll
0x00007ffe0fd90000 - 0x00007ffe0fe2e000 	C:\Windows\System32\msvcrt.dll
0x00007ffe0ea60000 - 0x00007ffe0eafc000 	C:\Windows\System32\sechost.dll
0x00007ffe0ebc0000 - 0x00007ffe0ece5000 	C:\Windows\System32\RPCRT4.dll
0x00007ffe0ff30000 - 0x00007ffe100cd000 	C:\Windows\System32\USER32.dll
0x00007ffdfbeb0000 - 0x00007ffdfc14a000 	C:\Windows\WinSxS\amd64_microsoft.windows.common-controls_6595b64144ccf1df_6.0.19041.1110_none_60b5254171f9507e\COMCTL32.dll
0x00007ffe0e1f0000 - 0x00007ffe0e212000 	C:\Windows\System32\win32u.dll
0x00007ffe0f2a0000 - 0x00007ffe0f2cb000 	C:\Windows\System32\GDI32.dll
0x00007ffe0e220000 - 0x00007ffe0e32f000 	C:\Windows\System32\gdi32full.dll
0x00007ffe0e930000 - 0x00007ffe0e9cd000 	C:\Windows\System32\msvcp_win.dll
0x00007ffe00d80000 - 0x00007ffe00d8a000 	C:\Windows\SYSTEM32\VERSION.dll
0x00007ffe0fe30000 - 0x00007ffe0fe62000 	C:\Windows\System32\IMM32.DLL
0x00007ffdf5700000 - 0x00007ffdf570c000 	C:\Program Files\Java\jdk-17.0.1\bin\vcruntime140_1.dll
0x00007ffdd2820000 - 0x00007ffdd28ad000 	C:\Program Files\Java\jdk-17.0.1\bin\msvcp140.dll
0x00007ffdc7540000 - 0x00007ffdc80fe000 	C:\Program Files\Java\jdk-17.0.1\bin\server\jvm.dll
0x00007ffe0fe70000 - 0x00007ffe0fe78000 	C:\Windows\System32\PSAPI.DLL
0x00007ffdf56f0000 - 0x00007ffdf56f9000 	C:\Windows\SYSTEM32\WSOCK32.dll
0x00007ffdfc320000 - 0x00007ffdfc347000 	C:\Windows\SYSTEM32\WINMM.dll
0x00007ffe0fae0000 - 0x00007ffe0fb4b000 	C:\Windows\System32\WS2_32.dll
0x00007ffe0c960000 - 0x00007ffe0c972000 	C:\Windows\SYSTEM32\kernel.appcore.dll
0x00007ffdf5670000 - 0x00007ffdf567a000 	C:\Program Files\Java\jdk-17.0.1\bin\jimage.dll
0x00007ffdfcc00000 - 0x00007ffdfcde4000 	C:\Windows\SYSTEM32\DBGHELP.DLL
0x00007ffdfcbd0000 - 0x00007ffdfcbfc000 	C:\Windows\SYSTEM32\dbgcore.DLL
0x00007ffe0e9d0000 - 0x00007ffe0ea52000 	C:\Windows\System32\bcryptPrimitives.dll
0x00007ffdf5680000 - 0x00007ffdf56a5000 	C:\Program Files\Java\jdk-17.0.1\bin\java.dll
0x00007ffdf5590000 - 0x00007ffdf5666000 	C:\Program Files\Java\jdk-17.0.1\bin\svml.dll
0x00007ffe0f390000 - 0x00007ffe0fad3000 	C:\Windows\System32\SHELL32.dll
0x00007ffe0c060000 - 0x00007ffe0c7f2000 	C:\Windows\SYSTEM32\windows.storage.dll
0x00007ffe105f0000 - 0x00007ffe10944000 	C:\Windows\System32\combase.dll
0x00007ffe0db70000 - 0x00007ffe0dba0000 	C:\Windows\SYSTEM32\Wldp.dll
0x00007ffe10410000 - 0x00007ffe104bd000 	C:\Windows\System32\SHCORE.dll
0x00007ffe0eb60000 - 0x00007ffe0ebb5000 	C:\Windows\System32\shlwapi.dll
0x00007ffe0e050000 - 0x00007ffe0e06f000 	C:\Windows\SYSTEM32\profapi.dll
0x00007ffdf5570000 - 0x00007ffdf5589000 	C:\Program Files\Java\jdk-17.0.1\bin\net.dll
0x00007ffe00430000 - 0x00007ffe0053c000 	C:\Windows\SYSTEM32\WINHTTP.dll
0x00007ffe0d8d0000 - 0x00007ffe0d93a000 	C:\Windows\system32\mswsock.dll
0x00007ffdf5550000 - 0x00007ffdf5565000 	C:\Program Files\Java\jdk-17.0.1\bin\nio.dll
0x00007ffdf5530000 - 0x00007ffdf5548000 	C:\Program Files\Java\jdk-17.0.1\bin\zip.dll
0x00007ffdf5390000 - 0x00007ffdf551f000 	C:\Program Files\Java\jdk-17.0.1\bin\awt.dll
0x00007ffe100e0000 - 0x00007ffe101ad000 	C:\Windows\System32\OLEAUT32.dll
0x00007ffe0abb0000 - 0x00007ffe0ac41000 	C:\Windows\SYSTEM32\apphelp.dll
0x00007ffe0ad50000 - 0x00007ffe0adee000 	C:\Windows\system32\uxtheme.dll
0x00007ffe10260000 - 0x00007ffe10375000 	C:\Windows\System32\MSCTF.dll
0x00007ffe104c0000 - 0x00007ffe105ea000 	C:\Windows\System32\ole32.dll
0x00007ffe0b9a0000 - 0x00007ffe0b9cf000 	C:\Windows\system32\DWMAPI.DLL
0x00007ffdd2790000 - 0x00007ffdd2819000 	C:\Program Files\Java\jdk-17.0.1\bin\freetype.dll
0x00007ffdd26e0000 - 0x00007ffdd2788000 	C:\Program Files\Java\jdk-17.0.1\bin\fontmanager.dll
0x00007ffdf4e70000 - 0x00007ffdf4f95000 	C:\Windows\system32\opengl32.dll
0x00007ffdf9750000 - 0x00007ffdf977c000 	C:\Windows\SYSTEM32\GLU32.dll
0x00007ffdf5520000 - 0x00007ffdf5530000 	C:\Program Files\Java\jdk-17.0.1\bin\verify.dll

dbghelp: loaded successfully - version: 4.0.5 - missing functions: none
symbol engine: initialized successfully - sym options: 0x614 - pdb path: .;C:\Program Files\Java\jdk-17.0.1\bin;C:\Windows\SYSTEM32;C:\Windows\WinSxS\amd64_microsoft.windows.common-controls_6595b64144ccf1df_6.0.19041.1110_none_60b5254171f9507e;C:\Program Files\Java\jdk-17.0.1\bin\server

VM Arguments:
jvm_args: -Dfile.encoding=UTF-8 --module-path=C:\Users\Zeeshan\Documents\NetBeansProjects\Library_Management_Systemm\build\classes 
java_command: BookIssue
java_class_path (initial): C:\Users\Zeeshan\Documents\NetBeansProjects\Library_Management_Systemm\lib\absolutelayout\AbsoluteLayout.jar;C:\Users\Zeeshan\Documents\NetBeansProjects\Library_Management_Systemm\lib\mysql-connector-java-8.0.27.jar;C:\Users\Zeeshan\Documents\NetBeansProjects\Library_Management_Systemm\lib\rs2xml.jar;C:\Users\Zeeshan\Downloads\jcal\lib\jcalendar-1.4.jar;C:\Users\Zeeshan\Documents\NetBeansProjects\Library_Management_Systemm\build\classes
Launcher Type: SUN_STANDARD

[Global flags]
     intx CICompilerCount                          = 3                                         {product} {ergonomic}
     uint ConcGCThreads                            = 1                                         {product} {ergonomic}
     uint G1ConcRefinementThreads                  = 4                                         {product} {ergonomic}
   size_t G1HeapRegionSize                         = 1048576                                   {product} {ergonomic}
    uintx GCDrainStackTargetSize                   = 64                                        {product} {ergonomic}
   size_t InitialHeapSize                          = 134217728                                 {product} {ergonomic}
   size_t MarkStackSize                            = 4194304                                   {product} {ergonomic}
   size_t MaxHeapSize                              = 2116026368                                {product} {ergonomic}
   size_t MaxNewSize                               = 1268776960                                {product} {ergonomic}
   size_t MinHeapDeltaBytes                        = 1048576                                   {product} {ergonomic}
   size_t MinHeapSize                              = 8388608                                   {product} {ergonomic}
    uintx NonNMethodCodeHeapSize                   = 5832780                                {pd product} {ergonomic}
    uintx NonProfiledCodeHeapSize                  = 122912730                              {pd product} {ergonomic}
    uintx ProfiledCodeHeapSize                     = 122912730                              {pd product} {ergonomic}
    uintx ReservedCodeCacheSize                    = 251658240                              {pd product} {ergonomic}
     bool SegmentedCodeCache                       = true                                      {product} {ergonomic}
   size_t SoftMaxHeapSize                          = 2116026368                             {manageable} {ergonomic}
     bool UseCompressedClassPointers               = true                           {product lp64_product} {ergonomic}
     bool UseCompressedOops                        = true                           {product lp64_product} {ergonomic}
     bool UseG1GC                                  = true                                      {product} {ergonomic}
     bool UseLargePagesIndividualAllocation        = false                                  {pd product} {ergonomic}

Logging:
Log output configuration:
 #0: stdout all=warning uptime,level,tags
 #1: stderr all=off uptime,level,tags

Environment Variables:
JAVA_HOME=C:\Program Files\Java\jdk-17.0.1\bin
PATH=C:\Program Files (x86)\VMware\VMware Player\bin\;C:\Program Files\Common Files\Oracle\Java\javapath;"C:\Program Files\MySQL\MySQL Server 8.0\bin;C:\Program Files\Common Files\Oracle\Java\javapath";C:\Windows\system32;C:\Windows;C:\Windows\System32\Wbem;C:\Windows\System32\WindowsPowerShell\v1.0\;C:\Windows\System32\OpenSSH\;C:\Program Files\Java\jdk-16.0.2\bin;C:\Program Files\MySQL\MySQL Server 8.0\bin;C:\Program Files\nodejs\;C:\Program Files\Git\cmd;C:\Users\Zeeshan\AppData\Local\Programs\Python\Python310\Scripts\;C:\Users\Zeeshan\AppData\Local\Programs\Python\Python310\;C:\Users\Zeeshan\AppData\Local\Microsoft\WindowsApps;"C:\Program Files\MySQL\MySQL Server 8.0\bin;C:\Users\Zeeshan\AppData\Local\Programs\Microsoft VS Code\bin";C:\Program Files\JetBrains\IntelliJ IDEA Community Edition 2021.1.3\bin;;C:\Program Files\MySQL\MySQL Server 8.0\bin;C:\Program Files\MySQL\MySQL Server 8.0\bin;;C:\Users\Zeeshan\AppData\Local\Programs\Microsoft VS Code\bin;C:\Users\Zeeshan\AppData\Roaming\npm;C:\Program Files\JetBrains\PyCharm Community Edition 2022.1.2\bin;;C:\Program Files\JetBrains\PyCharm 2022.1.2\bin;
USERNAME=Zeeshan
OS=Windows_NT
PROCESSOR_IDENTIFIER=Intel64 Family 6 Model 69 Stepping 1, GenuineIntel



---------------  S Y S T E M  ---------------

OS:
 Windows 10 , 64 bit Build 19041 (10.0.19041.2251)
OS uptime: 2 days 10:55 hours

CPU: total 4 (initial active 4) (2 cores per cpu, 2 threads per core) family 6 model 69 stepping 1 microcode 0x25, cx8, cmov, fxsr, ht, mmx, sse, sse2, sse3, ssse3, sse4.1, sse4.2, popcnt, lzcnt, tsc, tscinvbit, avx, avx2, aes, erms, clmul, bmi1, bmi2, fma, vzeroupper, clflush

Memory: 4k page, system-wide physical 8071M (1381M free)
TotalPageFile size 18692M (AvailPageFile size 0M)
current process WorkingSet (physical memory assigned to process): 75M, peak: 75M
current process commit charge ("private bytes"): 221M, peak: 221M

vm_info: Java HotSpot(TM) 64-Bit Server VM (17.0.1+12-LTS-39) for windows-amd64 JRE (17.0.1+12-LTS-39), built on Sep 27 2021 18:41:35 by "mach5one" with MS VC++ 16.8 (VS2019)

END.
